#
# There is insufficient memory for the Java Runtime Environment to continue.
# Native memory allocation (malloc) failed to allocate 32744 bytes for Chunk::new
# Possible reasons:
#   The system is out of physical RAM or swap space
#   The process is running with CompressedOops enabled, and the Java Heap may be blocking the growth of the native heap
# Possible solutions:
#   Reduce memory load on the system
#   Increase physical memory or swap space
#   Check if swap backing store is full
#   Decrease Java heap size (-Xmx/-Xms)
#   Decrease number of Java threads
#   Decrease Java thread stack sizes (-Xss)
#   Set larger code cache with -XX:ReservedCodeCacheSize=
#   JVM is running with Unscaled Compressed Oops mode in which the Java heap is
#     placed in the first 4GB address space. The Java Heap base address is the
#     maximum limit for the native heap growth. Please use -XX:HeapBaseMinAddress
#     to set the Java Heap base and to place the Java Heap above 4GB virtual address.
# This output file may be truncated or incomplete.
#
#  Out of Memory Error (arena.cpp:184), pid=11192, tid=4344
#
# JRE version: OpenJDK Runtime Environment (18.0.2.1+1) (build 18.0.2.1+1-1)
# Java VM: OpenJDK 64-Bit Server VM (18.0.2.1+1-1, mixed mode, tiered, compressed oops, compressed class ptrs, g1 gc, windows-amd64)
# No core dump will be written. Minidumps are not enabled by default on client versions of Windows
#

---------------  S U M M A R Y ------------

Command Line: -javaagent:C:\Program Files\JetBrains\IntelliJ IDEA Community Edition 2022.2.1\lib\idea_rt.jar=63977:C:\Program Files\JetBrains\IntelliJ IDEA Community Edition 2022.2.1\bin -Dfile.encoding=UTF-8 -Dsun.stdout.encoding=UTF-8 -Dsun.stderr.encoding=UTF-8 MethodRecursive

Host: Intel(R) Core(TM) i5-8265U CPU @ 1.60GHz, 8 cores, 3G,  Windows 11 , 64 bit Build 22000 (10.0.22000.708)
Time: Mon Aug 22 19:10:09 2022 SE Asia Standard Time elapsed time: 0.317397 seconds (0d 0h 0m 0s)

---------------  T H R E A D  ---------------

Current thread (0x00000175617e1db0):  JavaThread "main" [_thread_in_vm, id=4344, stack(0x0000006243e00000,0x0000006243f00000)]

Stack: [0x0000006243e00000,0x0000006243f00000]
Native frames: (J=compiled Java code, j=interpreted, Vv=VM code, C=native code)
V  [jvm.dll+0x6993aa]
V  [jvm.dll+0x7f46dd]
V  [jvm.dll+0x7f5fee]
V  [jvm.dll+0x7f66a3]
V  [jvm.dll+0x25cf1f]
V  [jvm.dll+0xb8c2f]
V  [jvm.dll+0xb8fa5]
V  [jvm.dll+0x20ad9a]
V  [jvm.dll+0x209bb2]
V  [jvm.dll+0x76dd8d]
V  [jvm.dll+0x76f0c6]
V  [jvm.dll+0x76f3f8]
V  [jvm.dll+0x255346]
V  [jvm.dll+0x3a4263]
C  0x000001756913bcf8

Java frames: (J=compiled Java code, j=interpreted, Vv=VM code)
j  jdk.internal.loader.AbstractClassLoaderValue.extractValue(Ljava/lang/Object;)Ljava/lang/Object;+1 java.base@18.0.2.1
j  jdk.internal.loader.AbstractClassLoaderValue.get(Ljava/lang/ClassLoader;)Ljava/lang/Object;+11 java.base@18.0.2.1
j  jdk.internal.module.ServicesCatalog.getServicesCatalog(Ljava/lang/ClassLoader;)Ljdk/internal/module/ServicesCatalog;+4 java.base@18.0.2.1
j  jdk.internal.loader.BootLoader.getServicesCatalog()Ljdk/internal/module/ServicesCatalog;+3 java.base@18.0.2.1
j  java.lang.Module.defineModules(Ljava/lang/module/Configuration;Ljava/util/function/Function;Ljava/lang/ModuleLayer;)Ljava/util/Map;+667 java.base@18.0.2.1
j  java.lang.ModuleLayer.<init>(Ljava/lang/module/Configuration;Ljava/util/List;Ljava/util/function/Function;)V+34 java.base@18.0.2.1
j  java.lang.ModuleLayer.defineModules(Ljava/lang/module/Configuration;Ljava/util/List;Ljava/util/function/Function;)Ljava/lang/ModuleLayer$Controller;+36 java.base@18.0.2.1
j  java.lang.ModuleLayer.defineModules(Ljava/lang/module/Configuration;Ljava/util/function/Function;)Ljava/lang/ModuleLayer;+6 java.base@18.0.2.1
j  jdk.internal.module.ModuleBootstrap.boot2()Ljava/lang/ModuleLayer;+1207 java.base@18.0.2.1
j  jdk.internal.module.ModuleBootstrap.boot()Ljava/lang/ModuleLayer;+64 java.base@18.0.2.1
j  java.lang.System.initPhase2(ZZ)I+0 java.base@18.0.2.1
v  ~StubRoutines::call_stub

---------------  P R O C E S S  ---------------

Threads class SMR info:
_java_thread_list=0x00000175042b2dd0, length=11, elements={
0x00000175617e1db0, 0x000001757d330010, 0x000001757d3329c0, 0x000001757d3696a0,
0x000001757d369f50, 0x000001757d36a8f0, 0x000001757d36b290, 0x000001757d36f460,
0x000001757d377e50, 0x0000017504120060, 0x000001757d2a8790
}

Java Threads: ( => current thread )
=>0x00000175617e1db0 JavaThread "main" [_thread_in_vm, id=4344, stack(0x0000006243e00000,0x0000006243f00000)]
  0x000001757d330010 JavaThread "Reference Handler" daemon [_thread_blocked, id=3660, stack(0x0000006244500000,0x0000006244600000)]
  0x000001757d3329c0 JavaThread "Finalizer" daemon [_thread_blocked, id=2492, stack(0x0000006244600000,0x0000006244700000)]
  0x000001757d3696a0 JavaThread "Signal Dispatcher" daemon [_thread_blocked, id=332, stack(0x0000006244700000,0x0000006244800000)]
  0x000001757d369f50 JavaThread "Attach Listener" daemon [_thread_blocked, id=13972, stack(0x0000006244800000,0x0000006244900000)]
  0x000001757d36a8f0 JavaThread "Service Thread" daemon [_thread_blocked, id=1156, stack(0x0000006244900000,0x0000006244a00000)]
  0x000001757d36b290 JavaThread "Monitor Deflation Thread" daemon [_thread_blocked, id=14900, stack(0x0000006244a00000,0x0000006244b00000)]
  0x000001757d36f460 JavaThread "C2 CompilerThread0" daemon [_thread_in_native, id=8600, stack(0x0000006244b00000,0x0000006244c00000)]
  0x000001757d377e50 JavaThread "C1 CompilerThread0" daemon [_thread_blocked, id=15096, stack(0x0000006244c00000,0x0000006244d00000)]
  0x0000017504120060 JavaThread "Sweeper thread" daemon [_thread_blocked, id=15616, stack(0x0000006244d00000,0x0000006244e00000)]
  0x000001757d2a8790 JavaThread "Common-Cleaner" daemon [_thread_blocked, id=2312, stack(0x0000006244e00000,0x0000006244f00000)]

Other Threads:
  0x0000017561835790 VMThread "VM Thread" [stack: 0x0000006244400000,0x0000006244500000] [id=14572]
  0x0000017561821cd0 WorkerThread "GC Thread#0" [stack: 0x0000006243f00000,0x0000006244000000] [id=16136]
  0x000001756182a8e0 ConcurrentGCThread "G1 Main Marker" [stack: 0x0000006244000000,0x0000006244100000] [id=10800]
  0x000001756182c920 WorkerThread "G1 Conc#0" [stack: 0x0000006244100000,0x0000006244200000] [id=12820]
  0x00000175618a3820 ConcurrentGCThread "G1 Refine#0" [stack: 0x0000006244200000,0x0000006244300000] [id=14828]
  0x00000175618a3fd0 ConcurrentGCThread "G1 Service" [stack: 0x0000006244300000,0x0000006244400000] [id=7852]

Threads with active compile tasks:
C2 CompilerThread0      342  162       4       java.util.HashMap::putVal (300 bytes)

VM state: not at safepoint (normal execution)

VM Mutex/Monitor currently owned by a thread: None

Heap address: 0x00000000c2400000, size: 988 MB, Compressed Oops mode: 32-bit

CDS archive(s) not mapped
Compressed class space mapped at: 0x0000000100000000-0x0000000140000000, reserved size: 1073741824
Narrow klass base: 0x0000000000000000, Narrow klass shift: 3, Narrow klass range: 0x140000000

GC Precious Log:
 CardTable entry size: 512
 Card Set container configuration: InlinePtr #cards 5 size 8 Array Of Cards #cards 12 size 40 Howl #buckets 4 coarsen threshold 1843 Howl Bitmap #cards 512 size 80 coarsen threshold 460 Card regions per heap region 1 cards per card region 2048
 CPUs: 8 total, 8 available
 Memory: 3947M
 Large Page Support: Disabled
 NUMA Support: Disabled
 Compressed Oops: Enabled (32-bit)
 Heap Region Size: 1M
 Heap Min Capacity: 8M
 Heap Initial Capacity: 62M
 Heap Max Capacity: 988M
 Pre-touch: Disabled
 Parallel Workers: 8
 Concurrent Workers: 2
 Concurrent Refinement Workers: 8
 Periodic GC: Disabled

Heap:
 garbage-first heap   total 63488K, used 1024K [0x00000000c2400000, 0x0000000100000000)
  region size 1024K, 2 young (2048K), 0 survivors (0K)
 Metaspace       used 5015K, committed 5248K, reserved 1114112K
  class space    used 394K, committed 512K, reserved 1048576K

Heap Regions: E=young(eden), S=young(survivor), O=old, HS=humongous(starts), HC=humongous(continues), CS=collection set, F=free, OA=open archive, CA=closed archive, TAMS=top-at-mark-start (previous, next)
|   0|0x00000000c2400000, 0x00000000c2400000, 0x00000000c2500000|  0%| F|  |TAMS 0x00000000c2400000, 0x00000000c2400000| Untracked 
|   1|0x00000000c2500000, 0x00000000c2500000, 0x00000000c2600000|  0%| F|  |TAMS 0x00000000c2500000, 0x00000000c2500000| Untracked 
|   2|0x00000000c2600000, 0x00000000c2600000, 0x00000000c2700000|  0%| F|  |TAMS 0x00000000c2600000, 0x00000000c2600000| Untracked 
|   3|0x00000000c2700000, 0x00000000c2700000, 0x00000000c2800000|  0%| F|  |TAMS 0x00000000c2700000, 0x00000000c2700000| Untracked 
|   4|0x00000000c2800000, 0x00000000c2800000, 0x00000000c2900000|  0%| F|  |TAMS 0x00000000c2800000, 0x00000000c2800000| Untracked 
|   5|0x00000000c2900000, 0x00000000c2900000, 0x00000000c2a00000|  0%| F|  |TAMS 0x00000000c2900000, 0x00000000c2900000| Untracked 
|   6|0x00000000c2a00000, 0x00000000c2a00000, 0x00000000c2b00000|  0%| F|  |TAMS 0x00000000c2a00000, 0x00000000c2a00000| Untracked 
|   7|0x00000000c2b00000, 0x00000000c2b00000, 0x00000000c2c00000|  0%| F|  |TAMS 0x00000000c2b00000, 0x00000000c2b00000| Untracked 
|   8|0x00000000c2c00000, 0x00000000c2c00000, 0x00000000c2d00000|  0%| F|  |TAMS 0x00000000c2c00000, 0x00000000c2c00000| Untracked 
|   9|0x00000000c2d00000, 0x00000000c2d00000, 0x00000000c2e00000|  0%| F|  |TAMS 0x00000000c2d00000, 0x00000000c2d00000| Untracked 
|  10|0x00000000c2e00000, 0x00000000c2e00000, 0x00000000c2f00000|  0%| F|  |TAMS 0x00000000c2e00000, 0x00000000c2e00000| Untracked 
|  11|0x00000000c2f00000, 0x00000000c2f00000, 0x00000000c3000000|  0%| F|  |TAMS 0x00000000c2f00000, 0x00000000c2f00000| Untracked 
|  12|0x00000000c3000000, 0x00000000c3000000, 0x00000000c3100000|  0%| F|  |TAMS 0x00000000c3000000, 0x00000000c3000000| Untracked 
|  13|0x00000000c3100000, 0x00000000c3100000, 0x00000000c3200000|  0%| F|  |TAMS 0x00000000c3100000, 0x00000000c3100000| Untracked 
|  14|0x00000000c3200000, 0x00000000c3200000, 0x00000000c3300000|  0%| F|  |TAMS 0x00000000c3200000, 0x00000000c3200000| Untracked 
|  15|0x00000000c3300000, 0x00000000c3300000, 0x00000000c3400000|  0%| F|  |TAMS 0x00000000c3300000, 0x00000000c3300000| Untracked 
|  16|0x00000000c3400000, 0x00000000c3400000, 0x00000000c3500000|  0%| F|  |TAMS 0x00000000c3400000, 0x00000000c3400000| Untracked 
|  17|0x00000000c3500000, 0x00000000c3500000, 0x00000000c3600000|  0%| F|  |TAMS 0x00000000c3500000, 0x00000000c3500000| Untracked 
|  18|0x00000000c3600000, 0x00000000c3600000, 0x00000000c3700000|  0%| F|  |TAMS 0x00000000c3600000, 0x00000000c3600000| Untracked 
|  19|0x00000000c3700000, 0x00000000c3700000, 0x00000000c3800000|  0%| F|  |TAMS 0x00000000c3700000, 0x00000000c3700000| Untracked 
|  20|0x00000000c3800000, 0x00000000c3800000, 0x00000000c3900000|  0%| F|  |TAMS 0x00000000c3800000, 0x00000000c3800000| Untracked 
|  21|0x00000000c3900000, 0x00000000c3900000, 0x00000000c3a00000|  0%| F|  |TAMS 0x00000000c3900000, 0x00000000c3900000| Untracked 
|  22|0x00000000c3a00000, 0x00000000c3a00000, 0x00000000c3b00000|  0%| F|  |TAMS 0x00000000c3a00000, 0x00000000c3a00000| Untracked 
|  23|0x00000000c3b00000, 0x00000000c3b00000, 0x00000000c3c00000|  0%| F|  |TAMS 0x00000000c3b00000, 0x00000000c3b00000| Untracked 
|  24|0x00000000c3c00000, 0x00000000c3c00000, 0x00000000c3d00000|  0%| F|  |TAMS 0x00000000c3c00000, 0x00000000c3c00000| Untracked 
|  25|0x00000000c3d00000, 0x00000000c3d00000, 0x00000000c3e00000|  0%| F|  |TAMS 0x00000000c3d00000, 0x00000000c3d00000| Untracked 
|  26|0x00000000c3e00000, 0x00000000c3e00000, 0x00000000c3f00000|  0%| F|  |TAMS 0x00000000c3e00000, 0x00000000c3e00000| Untracked 
|  27|0x00000000c3f00000, 0x00000000c3f00000, 0x00000000c4000000|  0%| F|  |TAMS 0x00000000c3f00000, 0x00000000c3f00000| Untracked 
|  28|0x00000000c4000000, 0x00000000c4000000, 0x00000000c4100000|  0%| F|  |TAMS 0x00000000c4000000, 0x00000000c4000000| Untracked 
|  29|0x00000000c4100000, 0x00000000c4100000, 0x00000000c4200000|  0%| F|  |TAMS 0x00000000c4100000, 0x00000000c4100000| Untracked 
|  30|0x00000000c4200000, 0x00000000c4200000, 0x00000000c4300000|  0%| F|  |TAMS 0x00000000c4200000, 0x00000000c4200000| Untracked 
|  31|0x00000000c4300000, 0x00000000c4300000, 0x00000000c4400000|  0%| F|  |TAMS 0x00000000c4300000, 0x00000000c4300000| Untracked 
|  32|0x00000000c4400000, 0x00000000c4400000, 0x00000000c4500000|  0%| F|  |TAMS 0x00000000c4400000, 0x00000000c4400000| Untracked 
|  33|0x00000000c4500000, 0x00000000c4500000, 0x00000000c4600000|  0%| F|  |TAMS 0x00000000c4500000, 0x00000000c4500000| Untracked 
|  34|0x00000000c4600000, 0x00000000c4600000, 0x00000000c4700000|  0%| F|  |TAMS 0x00000000c4600000, 0x00000000c4600000| Untracked 
|  35|0x00000000c4700000, 0x00000000c4700000, 0x00000000c4800000|  0%| F|  |TAMS 0x00000000c4700000, 0x00000000c4700000| Untracked 
|  36|0x00000000c4800000, 0x00000000c4800000, 0x00000000c4900000|  0%| F|  |TAMS 0x00000000c4800000, 0x00000000c4800000| Untracked 
|  37|0x00000000c4900000, 0x00000000c4900000, 0x00000000c4a00000|  0%| F|  |TAMS 0x00000000c4900000, 0x00000000c4900000| Untracked 
|  38|0x00000000c4a00000, 0x00000000c4a00000, 0x00000000c4b00000|  0%| F|  |TAMS 0x00000000c4a00000, 0x00000000c4a00000| Untracked 
|  39|0x00000000c4b00000, 0x00000000c4b00000, 0x00000000c4c00000|  0%| F|  |TAMS 0x00000000c4b00000, 0x00000000c4b00000| Untracked 
|  40|0x00000000c4c00000, 0x00000000c4c00000, 0x00000000c4d00000|  0%| F|  |TAMS 0x00000000c4c00000, 0x00000000c4c00000| Untracked 
|  41|0x00000000c4d00000, 0x00000000c4d00000, 0x00000000c4e00000|  0%| F|  |TAMS 0x00000000c4d00000, 0x00000000c4d00000| Untracked 
|  42|0x00000000c4e00000, 0x00000000c4e00000, 0x00000000c4f00000|  0%| F|  |TAMS 0x00000000c4e00000, 0x00000000c4e00000| Untracked 
|  43|0x00000000c4f00000, 0x00000000c4f00000, 0x00000000c5000000|  0%| F|  |TAMS 0x00000000c4f00000, 0x00000000c4f00000| Untracked 
|  44|0x00000000c5000000, 0x00000000c5000000, 0x00000000c5100000|  0%| F|  |TAMS 0x00000000c5000000, 0x00000000c5000000| Untracked 
|  45|0x00000000c5100000, 0x00000000c5100000, 0x00000000c5200000|  0%| F|  |TAMS 0x00000000c5100000, 0x00000000c5100000| Untracked 
|  46|0x00000000c5200000, 0x00000000c5200000, 0x00000000c5300000|  0%| F|  |TAMS 0x00000000c5200000, 0x00000000c5200000| Untracked 
|  47|0x00000000c5300000, 0x00000000c5300000, 0x00000000c5400000|  0%| F|  |TAMS 0x00000000c5300000, 0x00000000c5300000| Untracked 
|  48|0x00000000c5400000, 0x00000000c5400000, 0x00000000c5500000|  0%| F|  |TAMS 0x00000000c5400000, 0x00000000c5400000| Untracked 
|  49|0x00000000c5500000, 0x00000000c5500000, 0x00000000c5600000|  0%| F|  |TAMS 0x00000000c5500000, 0x00000000c5500000| Untracked 
|  50|0x00000000c5600000, 0x00000000c5600000, 0x00000000c5700000|  0%| F|  |TAMS 0x00000000c5600000, 0x00000000c5600000| Untracked 
|  51|0x00000000c5700000, 0x00000000c5700000, 0x00000000c5800000|  0%| F|  |TAMS 0x00000000c5700000, 0x00000000c5700000| Untracked 
|  52|0x00000000c5800000, 0x00000000c5800000, 0x00000000c5900000|  0%| F|  |TAMS 0x00000000c5800000, 0x00000000c5800000| Untracked 
|  53|0x00000000c5900000, 0x00000000c5900000, 0x00000000c5a00000|  0%| F|  |TAMS 0x00000000c5900000, 0x00000000c5900000| Untracked 
|  54|0x00000000c5a00000, 0x00000000c5a00000, 0x00000000c5b00000|  0%| F|  |TAMS 0x00000000c5a00000, 0x00000000c5a00000| Untracked 
|  55|0x00000000c5b00000, 0x00000000c5b00000, 0x00000000c5c00000|  0%| F|  |TAMS 0x00000000c5b00000, 0x00000000c5b00000| Untracked 
|  56|0x00000000c5c00000, 0x00000000c5c00000, 0x00000000c5d00000|  0%| F|  |TAMS 0x00000000c5c00000, 0x00000000c5c00000| Untracked 
|  57|0x00000000c5d00000, 0x00000000c5d00000, 0x00000000c5e00000|  0%| F|  |TAMS 0x00000000c5d00000, 0x00000000c5d00000| Untracked 
|  58|0x00000000c5e00000, 0x00000000c5e00000, 0x00000000c5f00000|  0%| F|  |TAMS 0x00000000c5e00000, 0x00000000c5e00000| Untracked 
|  59|0x00000000c5f00000, 0x00000000c5f00000, 0x00000000c6000000|  0%| F|  |TAMS 0x00000000c5f00000, 0x00000000c5f00000| Untracked 
|  60|0x00000000c6000000, 0x00000000c60ec080, 0x00000000c6100000| 92%| E|  |TAMS 0x00000000c6000000, 0x00000000c6000000| Complete 
|  61|0x00000000c6100000, 0x00000000c6200000, 0x00000000c6200000|100%| E|CS|TAMS 0x00000000c6100000, 0x00000000c6100000| Complete 

Card table byte_map: [0x0000017578640000,0x0000017578830000] _byte_map_base: 0x000001757802e000

Marking Bits (Prev, Next): (CMBitMap*) 0x00000175618222d0, (CMBitMap*) 0x0000017561822310
 Prev Bits: [0x0000017578a20000, 0x0000017579990000)
 Next Bits: [0x0000017579990000, 0x000001757a900000)

Polling page: 0x0000017560fb0000

Metaspace:

Usage:
  Non-class:      4.51 MB used.
      Class:    394.01 KB used.
       Both:      4.90 MB used.

Virtual space:
  Non-class space:       64.00 MB reserved,       4.62 MB (  7%) committed,  1 nodes.
      Class space:        1.00 GB reserved,     512.00 KB ( <1%) committed,  1 nodes.
             Both:        1.06 GB reserved,       5.12 MB ( <1%) committed. 

Chunk freelists:
   Non-Class:  3.00 MB
       Class:  3.56 MB
        Both:  6.56 MB

MaxMetaspaceSize: unlimited
CompressedClassSpaceSize: 1.00 GB
Initial GC threshold: 21.00 MB
Current GC threshold: 21.00 MB
CDS: off
MetaspaceReclaimPolicy: balanced
 - commit_granule_bytes: 65536.
 - commit_granule_words: 8192.
 - virtual_space_node_default_size: 8388608.
 - enlarge_chunks_in_place: 1.
 - new_chunks_are_fully_committed: 0.
 - uncommit_free_chunks: 1.
 - use_allocation_guard: 0.


Internal statistics:

num_allocs_failed_limit: 0.
num_arena_births: 6.
num_arena_deaths: 0.
num_vsnodes_births: 2.
num_vsnodes_deaths: 0.
num_space_committed: 82.
num_space_uncommitted: 0.
num_chunks_returned_to_freelist: 0.
num_chunks_taken_from_freelist: 10.
num_chunk_merges: 0.
num_chunk_splits: 4.
num_chunks_enlarged: 2.
num_inconsistent_stats: 0.

CodeHeap 'non-profiled nmethods': size=120000Kb used=49Kb max_used=49Kb free=119950Kb
 bounds [0x0000017570bf0000, 0x0000017570e60000, 0x0000017578120000]
CodeHeap 'profiled nmethods': size=120000Kb used=184Kb max_used=184Kb free=119815Kb
 bounds [0x00000175696c0000, 0x0000017569930000, 0x0000017570bf0000]
CodeHeap 'non-nmethods': size=5760Kb used=1084Kb max_used=1098Kb free=4675Kb
 bounds [0x0000017569120000, 0x0000017569390000, 0x00000175696c0000]
 total_blobs=508 nmethods=167 adapters=254
 compilation: enabled
              stopped_count=0, restarted_count=0
 full_count=0

Compilation events (20 events):
Event: 0.313 Thread 0x000001757d377e50 nmethod 158 0x00000175696ec910 code [0x00000175696ecae0, 0x00000175696ecdb8]
Event: 0.313 Thread 0x000001757d377e50  159       3       java.lang.AbstractStringBuilder::inflateIfNeededFor (22 bytes)
Event: 0.313 Thread 0x000001757d377e50 nmethod 159 0x00000175696ecf10 code [0x00000175696ed0c0, 0x00000175696ed2e8]
Event: 0.313 Thread 0x000001757d377e50  160       1       java.lang.module.ModuleDescriptor$Version::toString (5 bytes)
Event: 0.313 Thread 0x000001757d377e50 nmethod 160 0x0000017570bfb690 code [0x0000017570bfb820, 0x0000017570bfb8f8]
Event: 0.313 Thread 0x000001757d377e50  161       1       java.lang.module.ResolvedModule::reference (5 bytes)
Event: 0.313 Thread 0x000001757d377e50 nmethod 161 0x0000017570bfb990 code [0x0000017570bfbb20, 0x0000017570bfbbf8]
Event: 0.313 Thread 0x000001757d36f460  162       4       java.util.HashMap::putVal (300 bytes)
Event: 0.313 Thread 0x000001757d377e50  163       3       java.util.HashSet::<init> (16 bytes)
Event: 0.314 Thread 0x000001757d377e50 nmethod 163 0x00000175696ed410 code [0x00000175696ed5e0, 0x00000175696ed9f8]
Event: 0.314 Thread 0x000001757d377e50  165       3       java.util.AbstractMap::<init> (5 bytes)
Event: 0.315 Thread 0x000001757d377e50 nmethod 165 0x00000175696edb90 code [0x00000175696edd20, 0x00000175696ede78]
Event: 0.315 Thread 0x000001757d377e50  167       3       java.lang.module.ResolvedModule::name (11 bytes)
Event: 0.315 Thread 0x000001757d377e50 nmethod 167 0x00000175696edf10 code [0x00000175696ee0a0, 0x00000175696ee1f8]
Event: 0.315 Thread 0x000001757d377e50  166       1       java.lang.module.ResolvedModule::configuration (5 bytes)
Event: 0.315 Thread 0x000001757d377e50 nmethod 166 0x0000017570bfbc90 code [0x0000017570bfbe20, 0x0000017570bfbef8]
Event: 0.315 Thread 0x000001757d377e50  168       1       java.lang.module.ModuleDescriptor::isOpen (5 bytes)
Event: 0.315 Thread 0x000001757d377e50 nmethod 168 0x0000017570bfbf90 code [0x0000017570bfc120, 0x0000017570bfc1f8]
Event: 0.315 Thread 0x000001757d377e50  169       1       java.util.HashMap::size (5 bytes)
Event: 0.315 Thread 0x000001757d377e50 nmethod 169 0x0000017570bfc290 code [0x0000017570bfc420, 0x0000017570bfc4f8]

GC Heap History (0 events):
No events

Deoptimization events (0 events):
No events

Classes loaded (20 events):
Event: 0.300 Loading class java/lang/ModuleLayer done
Event: 0.300 Loading class java/util/HashMap$Values
Event: 0.301 Loading class java/util/HashMap$Values done
Event: 0.301 Loading class java/util/HashMap$ValueIterator
Event: 0.301 Loading class java/util/HashMap$ValueIterator done
Event: 0.301 Loading class java/util/LinkedHashSet
Event: 0.302 Loading class java/util/LinkedHashSet done
Event: 0.302 Loading class java/util/LinkedHashMap
Event: 0.302 Loading class java/util/LinkedHashMap done
Event: 0.303 Loading class java/util/Collections$UnmodifiableCollection$1
Event: 0.303 Loading class java/util/Collections$UnmodifiableCollection$1 done
Event: 0.303 Loading class java/lang/module/ResolvedModule
Event: 0.303 Loading class java/lang/module/ResolvedModule done
Event: 0.310 Loading class jdk/internal/module/ModuleLoaderMap
Event: 0.311 Loading class jdk/internal/module/ModuleLoaderMap done
Event: 0.311 Loading class jdk/internal/module/ModuleLoaderMap$Mapper
Event: 0.311 Loading class jdk/internal/module/ModuleLoaderMap$Mapper done
Event: 0.311 Loading class jdk/internal/module/ModuleLoaderMap$Modules
Event: 0.311 Loading class jdk/internal/module/ModuleLoaderMap$Modules done
Event: 0.315 Loading class jdk/internal/loader/AbstractClassLoaderValue$Memoizer

Classes unloaded (0 events):
No events

Classes redefined (0 events):
No events

Internal exceptions (0 events):
No events

VM Operations (2 events):
Event: 0.302 Executing VM operation: HandshakeAllThreads
Event: 0.302 Executing VM operation: HandshakeAllThreads done

Events (13 events):
Event: 0.019 Loaded shared library C:\Program Files\jdk-18.0.2.1\bin\java.dll
Event: 0.081 Loaded shared library C:\Program Files\jdk-18.0.2.1\bin\jsvml.dll
Event: 0.082 Thread 0x00000175617e1db0 Thread added: 0x00000175617e1db0
Event: 0.101 Thread 0x000001757d330010 Thread added: 0x000001757d330010
Event: 0.101 Thread 0x000001757d3329c0 Thread added: 0x000001757d3329c0
Event: 0.155 Thread 0x000001757d3696a0 Thread added: 0x000001757d3696a0
Event: 0.155 Thread 0x000001757d369f50 Thread added: 0x000001757d369f50
Event: 0.155 Thread 0x000001757d36a8f0 Thread added: 0x000001757d36a8f0
Event: 0.155 Thread 0x000001757d36b290 Thread added: 0x000001757d36b290
Event: 0.155 Thread 0x000001757d36f460 Thread added: 0x000001757d36f460
Event: 0.155 Thread 0x000001757d377e50 Thread added: 0x000001757d377e50
Event: 0.155 Thread 0x0000017504120060 Thread added: 0x0000017504120060
Event: 0.267 Thread 0x000001757d2a8790 Thread added: 0x000001757d2a8790


Dynamic libraries:
0x00007ff64c950000 - 0x00007ff64c95e000 	C:\Program Files\jdk-18.0.2.1\bin\java.exe
0x00007ff816580000 - 0x00007ff816789000 	C:\WINDOWS\SYSTEM32\ntdll.dll
0x00007ff816360000 - 0x00007ff81641d000 	C:\WINDOWS\System32\KERNEL32.DLL
0x00007ff813de0000 - 0x00007ff81415d000 	C:\WINDOWS\System32\KERNELBASE.dll
0x00007ff814160000 - 0x00007ff814271000 	C:\WINDOWS\System32\ucrtbase.dll
0x00007ff80fe20000 - 0x00007ff80fe37000 	C:\Program Files\jdk-18.0.2.1\bin\jli.dll
0x00007ff80fde0000 - 0x00007ff80fdfa000 	C:\Program Files\jdk-18.0.2.1\bin\VCRUNTIME140.dll
0x00007ff815430000 - 0x00007ff8155dd000 	C:\WINDOWS\System32\USER32.dll
0x00007ff802530000 - 0x00007ff8027d5000 	C:\WINDOWS\WinSxS\amd64_microsoft.windows.common-controls_6595b64144ccf1df_6.0.22000.120_none_9d947278b86cc467\COMCTL32.dll
0x00007ff813c90000 - 0x00007ff813cb6000 	C:\WINDOWS\System32\win32u.dll
0x00007ff815af0000 - 0x00007ff815b93000 	C:\WINDOWS\System32\msvcrt.dll
0x00007ff814410000 - 0x00007ff814439000 	C:\WINDOWS\System32\GDI32.dll
0x00007ff813cc0000 - 0x00007ff813dd8000 	C:\WINDOWS\System32\gdi32full.dll
0x00007ff814370000 - 0x00007ff81440d000 	C:\WINDOWS\System32\msvcp_win.dll
0x00007ff814ad0000 - 0x00007ff814b01000 	C:\WINDOWS\System32\IMM32.DLL
0x00007ff80fe60000 - 0x00007ff80fe6c000 	C:\Program Files\jdk-18.0.2.1\bin\vcruntime140_1.dll
0x00007ff80b2c0000 - 0x00007ff80b34d000 	C:\Program Files\jdk-18.0.2.1\bin\msvcp140.dll
0x00007fffd92d0000 - 0x00007fffd9ee1000 	C:\Program Files\jdk-18.0.2.1\bin\server\jvm.dll
0x00007ff815760000 - 0x00007ff81580e000 	C:\WINDOWS\System32\ADVAPI32.dll
0x00007ff815a50000 - 0x00007ff815aee000 	C:\WINDOWS\System32\sechost.dll
0x00007ff816420000 - 0x00007ff816540000 	C:\WINDOWS\System32\RPCRT4.dll
0x00007ff8144a0000 - 0x00007ff8144a8000 	C:\WINDOWS\System32\PSAPI.DLL
0x00007ff802cf0000 - 0x00007ff802cf9000 	C:\WINDOWS\SYSTEM32\WSOCK32.dll
0x00007ff80d150000 - 0x00007ff80d15a000 	C:\WINDOWS\SYSTEM32\VERSION.dll
0x00007ff814a60000 - 0x00007ff814acf000 	C:\WINDOWS\System32\WS2_32.dll
0x00007ff80e340000 - 0x00007ff80e373000 	C:\WINDOWS\SYSTEM32\WINMM.dll
0x00007ff812bd0000 - 0x00007ff812be8000 	C:\WINDOWS\SYSTEM32\kernel.appcore.dll
0x00007ff80fdd0000 - 0x00007ff80fdda000 	C:\Program Files\jdk-18.0.2.1\bin\jimage.dll
0x00007ff811490000 - 0x00007ff8116b1000 	C:\WINDOWS\SYSTEM32\DBGHELP.DLL
0x00007ff8029f0000 - 0x00007ff802a21000 	C:\WINDOWS\SYSTEM32\dbgcore.DLL
0x00007ff814280000 - 0x00007ff8142ff000 	C:\WINDOWS\System32\bcryptPrimitives.dll
0x00007ff80fdc0000 - 0x00007ff80fdce000 	C:\Program Files\jdk-18.0.2.1\bin\instrument.dll
0x00007ff80df00000 - 0x00007ff80df25000 	C:\Program Files\jdk-18.0.2.1\bin\java.dll
0x00007ff806eb0000 - 0x00007ff806f86000 	C:\Program Files\jdk-18.0.2.1\bin\jsvml.dll
0x00007ff815ba0000 - 0x00007ff816358000 	C:\WINDOWS\System32\SHELL32.dll
0x00007ff811bd0000 - 0x00007ff812438000 	C:\WINDOWS\SYSTEM32\windows.storage.dll
0x00007ff814c90000 - 0x00007ff815009000 	C:\WINDOWS\System32\combase.dll
0x00007ff811a60000 - 0x00007ff811bc6000 	C:\WINDOWS\SYSTEM32\wintypes.dll
0x00007ff815660000 - 0x00007ff81574a000 	C:\WINDOWS\System32\SHCORE.dll
0x00007ff814c00000 - 0x00007ff814c5d000 	C:\WINDOWS\System32\shlwapi.dll
0x00007ff813990000 - 0x00007ff8139b1000 	C:\WINDOWS\SYSTEM32\profapi.dll

dbghelp: loaded successfully - version: 4.0.5 - missing functions: none
symbol engine: initialized successfully - sym options: 0x614 - pdb path: .;C:\Program Files\jdk-18.0.2.1\bin;C:\WINDOWS\SYSTEM32;C:\WINDOWS\WinSxS\amd64_microsoft.windows.common-controls_6595b64144ccf1df_6.0.22000.120_none_9d947278b86cc467;C:\Program Files\jdk-18.0.2.1\bin\server

VM Arguments:
jvm_args: -javaagent:C:\Program Files\JetBrains\IntelliJ IDEA Community Edition 2022.2.1\lib\idea_rt.jar=63977:C:\Program Files\JetBrains\IntelliJ IDEA Community Edition 2022.2.1\bin -Dfile.encoding=UTF-8 -Dsun.stdout.encoding=UTF-8 -Dsun.stderr.encoding=UTF-8 
java_command: MethodRecursive
java_class_path (initial): C:\Users\asus\IdeaProjects\HelloWorld\out\production\HelloWorld
Launcher Type: SUN_STANDARD

[Global flags]
     intx CICompilerCount                          = 4                                         {product} {ergonomic}
     uint ConcGCThreads                            = 2                                         {product} {ergonomic}
     uint G1ConcRefinementThreads                  = 8                                         {product} {ergonomic}
   size_t G1HeapRegionSize                         = 1048576                                   {product} {ergonomic}
    uintx GCDrainStackTargetSize                   = 64                                        {product} {ergonomic}
   size_t InitialHeapSize                          = 65011712                                  {product} {ergonomic}
   size_t MarkStackSize                            = 4194304                                   {product} {ergonomic}
   size_t MaxHeapSize                              = 1035993088                                {product} {ergonomic}
   size_t MaxNewSize                               = 620756992                                 {product} {ergonomic}
   size_t MinHeapDeltaBytes                        = 1048576                                   {product} {ergonomic}
   size_t MinHeapSize                              = 8388608                                   {product} {ergonomic}
    uintx NonNMethodCodeHeapSize                   = 5839372                                {pd product} {ergonomic}
    uintx NonProfiledCodeHeapSize                  = 122909434                              {pd product} {ergonomic}
    uintx ProfiledCodeHeapSize                     = 122909434                              {pd product} {ergonomic}
    uintx ReservedCodeCacheSize                    = 251658240                              {pd product} {ergonomic}
     bool SegmentedCodeCache                       = true                                      {product} {ergonomic}
   size_t SoftMaxHeapSize                          = 1035993088                             {manageable} {ergonomic}
     bool UseCompressedClassPointers               = true                           {product lp64_product} {ergonomic}
     bool UseCompressedOops                        = true                           {product lp64_product} {ergonomic}
     bool UseG1GC                                  = true                                      {product} {ergonomic}
     bool UseLargePagesIndividualAllocation        = false                                  {pd product} {ergonomic}

Logging:
Log output configuration:
 #0: stdout all=warning uptime,level,tags foldmultilines=false
 #1: stderr all=off uptime,level,tags foldmultilines=false

Environment Variables:
JAVA_HOME=C:\Program Files\jdk-18.0.2.1
PATH=C:\Windows\system32;C:\Windows;C:\Windows\System32\Wbem;C:\Windows\System32\WindowsPowerShell\v1.0\;C:\Windows\System32\OpenSSH\;C:\Program Files (x86)\NVIDIA Corporation\PhysX\Common;C:\Program Files\Intel\WiFi\bin\;C:\Program Files\Common Files\Intel\WirelessCommon\;C:\Program Files (x86)\JavaC:\Program Files\Java\jdk1.8.0_231;C:\Program Files\Git\cmd;C:\Program Files\Git\mingw64\bin;C:\Program Files\Git\usr\bin;C:\Users\asus\AppData\Roaming\Python\Python38\Scripts;C:\WINDOWS\system32;C:\WINDOWS;C:\WINDOWS\System32\Wbem;C:\WINDOWS\System32\WindowsPowerShell\v1.0\;C:\Program Files\PostgreSQL\13\bin;C:\Program Files\Memurai\;C:\Program Files\MongoDB\Server\5.0\bin;C:\Program Files\Go\bin;C:\WINDOWS\System32\OpenSSH\;C:\Users\asus\AppData\Roaming\nvm;C:\Program Files\nodejs;C:\Program Files\jdk-18.0.2.1\bin;C:\Users\asus\AppData\Local\Programs\Python\Python39\Scripts\;C:\Users\asus\AppData\Local\Programs\Python\Python39\;C:\Users\asus\AppData\Local\Microsoft\WindowsApps;C:\Program Files\JetBrains\PyCharm Community Edition 2019.3.3\bin;;C:\Users\asus\AppData\Roaming\npm;C:\Users\asus\AppData\Local\Programs\Microsoft VS Code\bin;C:\Users\asus\go\bin;C:\Users\asus\AppData\Roaming\nvm;C:\Program Files\nodejs;C:\Program Files\JetBrains\IntelliJ IDEA Community Edition 2022.2.1\bin;
USERNAME=asus
OS=Windows_NT
PROCESSOR_IDENTIFIER=Intel64 Family 6 Model 142 Stepping 12, GenuineIntel



---------------  S Y S T E M  ---------------

OS:
 Windows 11 , 64 bit Build 22000 (10.0.22000.708)
OS uptime: 1 days 16:40 hours

CPU: total 8 (initial active 8) (4 cores per cpu, 2 threads per core) family 6 model 142 stepping 12 microcode 0xde, cx8, cmov, fxsr, ht, mmx, 3dnowpref, sse, sse2, sse3, ssse3, sse4.1, sse4.2, popcnt, lzcnt, tsc, tscinvbit, avx, avx2, aes, erms, clmul, bmi1, bmi2, adx, fma, vzeroupper, clflush, clflushopt

Memory: 4k page, system-wide physical 3947M (173M free)
TotalPageFile size 16235M (AvailPageFile size 0M)
current process WorkingSet (physical memory assigned to process): 29M, peak: 29M
current process commit charge ("private bytes"): 135M, peak: 136M

vm_info: OpenJDK 64-Bit Server VM (18.0.2.1+1-1) for windows-amd64 JRE (18.0.2.1+1-1), built on Aug 16 2022 01:44:29 by "mach5one" with MS VC++ 16.8 / 16.9 (VS2019)

END.
