#
# There is insufficient memory for the Java Runtime Environment to continue.
# Native memory allocation (mmap) failed to map 65011712 bytes for G1 virtual space
# Possible reasons:
#   The system is out of physical RAM or swap space
#   The process is running with CompressedOops enabled, and the Java Heap may be blocking the growth of the native heap
# Possible solutions:
#   Reduce memory load on the system
#   Increase physical memory or swap space
#   Check if swap backing store is full
#   Decrease Java heap size (-Xmx/-Xms)
#   Decrease number of Java threads
#   Decrease Java thread stack sizes (-Xss)
#   Set larger code cache with -XX:ReservedCodeCacheSize=
#   JVM is running with Unscaled Compressed Oops mode in which the Java heap is
#     placed in the first 4GB address space. The Java Heap base address is the
#     maximum limit for the native heap growth. Please use -XX:HeapBaseMinAddress
#     to set the Java Heap base and to place the Java Heap above 4GB virtual address.
# This output file may be truncated or incomplete.
#
#  Out of Memory Error (os_windows.cpp:3530), pid=5392, tid=15444
#
# JRE version:  (18.0.2.1+1) (build )
# Java VM: OpenJDK 64-Bit Server VM (18.0.2.1+1-1, mixed mode, sharing, tiered, compressed oops, compressed class ptrs, g1 gc, windows-amd64)
# No core dump will be written. Minidumps are not enabled by default on client versions of Windows
#

---------------  S U M M A R Y ------------

Command Line: -javaagent:C:\Program Files\JetBrains\IntelliJ IDEA Community Edition 2022.2.1\lib\idea_rt.jar=54162:C:\Program Files\JetBrains\IntelliJ IDEA Community Edition 2022.2.1\bin -Dfile.encoding=UTF-8 -Dsun.stdout.encoding=UTF-8 -Dsun.stderr.encoding=UTF-8 IfStatement

Host: Intel(R) Core(TM) i5-8265U CPU @ 1.60GHz, 8 cores, 3G,  Windows 11 , 64 bit Build 22000 (10.0.22000.708)
Time: Mon Aug 22 11:05:48 2022 SE Asia Standard Time elapsed time: 0.033811 seconds (0d 0h 0m 0s)

---------------  T H R E A D  ---------------

Current thread (0x000002937a4e2300):  JavaThread "Unknown thread" [_thread_in_vm, id=15444, stack(0x000000c364c00000,0x000000c364d00000)]

Stack: [0x000000c364c00000,0x000000c364d00000]
Native frames: (J=compiled Java code, j=interpreted, Vv=VM code, C=native code)
V  [jvm.dll+0x6993aa]
V  [jvm.dll+0x7f46dd]
V  [jvm.dll+0x7f5fee]
V  [jvm.dll+0x7f66a3]
V  [jvm.dll+0x25cf1f]
V  [jvm.dll+0x6962f9]
V  [jvm.dll+0x68ae2a]
V  [jvm.dll+0x32255b]
V  [jvm.dll+0x329f36]
V  [jvm.dll+0x37eade]
V  [jvm.dll+0x37ed0f]
V  [jvm.dll+0x2fa2da]
V  [jvm.dll+0x2fb33d]
V  [jvm.dll+0x7c3310]
V  [jvm.dll+0x38be61]
V  [jvm.dll+0x7a2023]
V  [jvm.dll+0x40dc3f]
V  [jvm.dll+0x40f611]
C  [jli.dll+0x526b]
C  [ucrtbase.dll+0x26c0c]
C  [KERNEL32.DLL+0x154e0]
C  [ntdll.dll+0x485b]


---------------  P R O C E S S  ---------------

Threads class SMR info:
_java_thread_list=0x00007fffb6d4e550, length=0, elements={
}

Java Threads: ( => current thread )

Other Threads:
  0x000002937a521630 WorkerThread "GC Thread#0" [stack: 0x000000c364d00000,0x000000c364e00000] [id=2460]
  0x000002937a52a240 ConcurrentGCThread "G1 Main Marker" [stack: 0x000000c364e00000,0x000000c364f00000] [id=556]
  0x000002937a52c3e0 WorkerThread "G1 Conc#0" [stack: 0x000000c364f00000,0x000000c365000000] [id=15452]

[error occurred during error reporting (printing all threads), id 0xc0000005, EXCEPTION_ACCESS_VIOLATION (0xc0000005) at pc=0x00007fffb657a877]

VM state: not at safepoint (not fully initialized)

VM Mutex/Monitor currently owned by a thread:  ([mutex/lock_event])
[0x000002937a4ddc30] Heap_lock - owner thread: 0x000002937a4e2300

Heap address: 0x00000000c2400000, size: 988 MB, Compressed Oops mode: 32-bit

CDS archive(s) mapped at: [0x0000000000000000-0x0000000000000000-0x0000000000000000), size 0, SharedBaseAddress: 0x0000000800000000, ArchiveRelocationMode: 0.
Narrow klass base: 0x0000000000000000, Narrow klass shift: 0, Narrow klass range: 0x0

GC Precious Log:
 CardTable entry size: 512
 Card Set container configuration: InlinePtr #cards 5 size 8 Array Of Cards #cards 12 size 40 Howl #buckets 4 coarsen threshold 1843 Howl Bitmap #cards 512 size 80 coarsen threshold 460 Card regions per heap region 1 cards per card region 2048

Heap:
 garbage-first heap   total 0K, used 0K [0x00000000c2400000, 0x0000000100000000)
  region size 1024K, 0 young (0K), 0 survivors (0K)

[error occurred during error reporting (printing heap information), id 0xc0000005, EXCEPTION_ACCESS_VIOLATION (0xc0000005) at pc=0x00007fffb6961839]

GC Heap History (0 events):
No events

Deoptimization events (0 events):
No events

Classes loaded (0 events):
No events

Classes unloaded (0 events):
No events

Classes redefined (0 events):
No events

Internal exceptions (0 events):
No events

VM Operations (0 events):
No events

Events (1 events):
Event: 0.022 Loaded shared library C:\Program Files\jdk-18.0.2.1\bin\java.dll


Dynamic libraries:
0x00007ff726df0000 - 0x00007ff726dfe000 	C:\Program Files\jdk-18.0.2.1\bin\java.exe
0x00007ff816580000 - 0x00007ff816789000 	C:\WINDOWS\SYSTEM32\ntdll.dll
0x00007ff816360000 - 0x00007ff81641d000 	C:\WINDOWS\System32\KERNEL32.DLL
0x00007ff813de0000 - 0x00007ff81415d000 	C:\WINDOWS\System32\KERNELBASE.dll
0x00007ff814160000 - 0x00007ff814271000 	C:\WINDOWS\System32\ucrtbase.dll
0x00007ff80deb0000 - 0x00007ff80deca000 	C:\Program Files\jdk-18.0.2.1\bin\VCRUNTIME140.dll
0x00007ff80d4f0000 - 0x00007ff80d507000 	C:\Program Files\jdk-18.0.2.1\bin\jli.dll
0x00007ff815430000 - 0x00007ff8155dd000 	C:\WINDOWS\System32\USER32.dll
0x00007ff813c90000 - 0x00007ff813cb6000 	C:\WINDOWS\System32\win32u.dll
0x00007ff814410000 - 0x00007ff814439000 	C:\WINDOWS\System32\GDI32.dll
0x00007ff802530000 - 0x00007ff8027d5000 	C:\WINDOWS\WinSxS\amd64_microsoft.windows.common-controls_6595b64144ccf1df_6.0.22000.120_none_9d947278b86cc467\COMCTL32.dll
0x00007ff813cc0000 - 0x00007ff813dd8000 	C:\WINDOWS\System32\gdi32full.dll
0x00007ff814370000 - 0x00007ff81440d000 	C:\WINDOWS\System32\msvcp_win.dll
0x00007ff815af0000 - 0x00007ff815b93000 	C:\WINDOWS\System32\msvcrt.dll
0x00007ff814ad0000 - 0x00007ff814b01000 	C:\WINDOWS\System32\IMM32.DLL
0x00007ff80fe70000 - 0x00007ff80fe7c000 	C:\Program Files\jdk-18.0.2.1\bin\vcruntime140_1.dll
0x00007ff80b070000 - 0x00007ff80b0fd000 	C:\Program Files\jdk-18.0.2.1\bin\msvcp140.dll
0x00007fffb6270000 - 0x00007fffb6e81000 	C:\Program Files\jdk-18.0.2.1\bin\server\jvm.dll
0x00007ff815760000 - 0x00007ff81580e000 	C:\WINDOWS\System32\ADVAPI32.dll
0x00007ff815a50000 - 0x00007ff815aee000 	C:\WINDOWS\System32\sechost.dll
0x00007ff816420000 - 0x00007ff816540000 	C:\WINDOWS\System32\RPCRT4.dll
0x00007ff8144a0000 - 0x00007ff8144a8000 	C:\WINDOWS\System32\PSAPI.DLL
0x00007ff80e340000 - 0x00007ff80e373000 	C:\WINDOWS\SYSTEM32\WINMM.dll
0x00007ff80d150000 - 0x00007ff80d15a000 	C:\WINDOWS\SYSTEM32\VERSION.dll
0x00007ff802cf0000 - 0x00007ff802cf9000 	C:\WINDOWS\SYSTEM32\WSOCK32.dll
0x00007ff814a60000 - 0x00007ff814acf000 	C:\WINDOWS\System32\WS2_32.dll
0x00007ff812bd0000 - 0x00007ff812be8000 	C:\WINDOWS\SYSTEM32\kernel.appcore.dll
0x00007ff80fdf0000 - 0x00007ff80fdfa000 	C:\Program Files\jdk-18.0.2.1\bin\jimage.dll
0x00007ff811490000 - 0x00007ff8116b1000 	C:\WINDOWS\SYSTEM32\DBGHELP.DLL
0x00007ff8029f0000 - 0x00007ff802a21000 	C:\WINDOWS\SYSTEM32\dbgcore.DLL
0x00007ff814280000 - 0x00007ff8142ff000 	C:\WINDOWS\System32\bcryptPrimitives.dll
0x00007ff80fdb0000 - 0x00007ff80fdbe000 	C:\Program Files\jdk-18.0.2.1\bin\instrument.dll
0x00007ff80b470000 - 0x00007ff80b495000 	C:\Program Files\jdk-18.0.2.1\bin\java.dll

dbghelp: loaded successfully - version: 4.0.5 - missing functions: none
symbol engine: initialized successfully - sym options: 0x614 - pdb path: .;C:\Program Files\jdk-18.0.2.1\bin;C:\WINDOWS\SYSTEM32;C:\WINDOWS\WinSxS\amd64_microsoft.windows.common-controls_6595b64144ccf1df_6.0.22000.120_none_9d947278b86cc467;C:\Program Files\jdk-18.0.2.1\bin\server

VM Arguments:
jvm_args: -javaagent:C:\Program Files\JetBrains\IntelliJ IDEA Community Edition 2022.2.1\lib\idea_rt.jar=54162:C:\Program Files\JetBrains\IntelliJ IDEA Community Edition 2022.2.1\bin -Dfile.encoding=UTF-8 -Dsun.stdout.encoding=UTF-8 -Dsun.stderr.encoding=UTF-8 
java_command: IfStatement
java_class_path (initial): C:\Users\asus\IdeaProjects\HelloWorld\out\production\HelloWorld
Launcher Type: SUN_STANDARD

[Global flags]
     intx CICompilerCount                          = 4                                         {product} {ergonomic}
     uint ConcGCThreads                            = 2                                         {product} {ergonomic}
     uint G1ConcRefinementThreads                  = 8                                         {product} {ergonomic}
   size_t G1HeapRegionSize                         = 1048576                                   {product} {ergonomic}
    uintx GCDrainStackTargetSize                   = 64                                        {product} {ergonomic}
   size_t InitialHeapSize                          = 65011712                                  {product} {ergonomic}
   size_t MarkStackSize                            = 4194304                                   {product} {ergonomic}
   size_t MaxHeapSize                              = 1035993088                                {product} {ergonomic}
   size_t MinHeapDeltaBytes                        = 1048576                                   {product} {ergonomic}
   size_t MinHeapSize                              = 8388608                                   {product} {ergonomic}
    uintx NonNMethodCodeHeapSize                   = 5839372                                {pd product} {ergonomic}
    uintx NonProfiledCodeHeapSize                  = 122909434                              {pd product} {ergonomic}
    uintx ProfiledCodeHeapSize                     = 122909434                              {pd product} {ergonomic}
    uintx ReservedCodeCacheSize                    = 251658240                              {pd product} {ergonomic}
     bool SegmentedCodeCache                       = true                                      {product} {ergonomic}
   size_t SoftMaxHeapSize                          = 1035993088                             {manageable} {ergonomic}
     bool UseCompressedClassPointers               = true                           {product lp64_product} {ergonomic}
     bool UseCompressedOops                        = true                           {product lp64_product} {ergonomic}
     bool UseG1GC                                  = true                                      {product} {ergonomic}
     bool UseLargePagesIndividualAllocation        = false                                  {pd product} {ergonomic}

Logging:
Log output configuration:
 #0: stdout all=warning uptime,level,tags foldmultilines=false
 #1: stderr all=off uptime,level,tags foldmultilines=false

Environment Variables:
JAVA_HOME=C:\Program Files\jdk-18.0.2.1
PATH=C:\Windows\system32;C:\Windows;C:\Windows\System32\Wbem;C:\Windows\System32\WindowsPowerShell\v1.0\;C:\Windows\System32\OpenSSH\;C:\Program Files (x86)\NVIDIA Corporation\PhysX\Common;C:\Program Files\Intel\WiFi\bin\;C:\Program Files\Common Files\Intel\WirelessCommon\;C:\Program Files (x86)\JavaC:\Program Files\Java\jdk1.8.0_231;C:\Program Files\Git\cmd;C:\Program Files\Git\mingw64\bin;C:\Program Files\Git\usr\bin;C:\Users\asus\AppData\Roaming\Python\Python38\Scripts;C:\WINDOWS\system32;C:\WINDOWS;C:\WINDOWS\System32\Wbem;C:\WINDOWS\System32\WindowsPowerShell\v1.0\;C:\Program Files\PostgreSQL\13\bin;C:\Program Files\Memurai\;C:\Program Files\MongoDB\Server\5.0\bin;C:\Program Files\Go\bin;C:\WINDOWS\System32\OpenSSH\;C:\Users\asus\AppData\Roaming\nvm;C:\Program Files\nodejs;C:\Program Files\jdk-18.0.2.1\bin;C:\Users\asus\AppData\Local\Programs\Python\Python39\Scripts\;C:\Users\asus\AppData\Local\Programs\Python\Python39\;C:\Users\asus\AppData\Local\Microsoft\WindowsApps;C:\Program Files\JetBrains\PyCharm Community Edition 2019.3.3\bin;;C:\Users\asus\AppData\Roaming\npm;C:\Users\asus\AppData\Local\Programs\Microsoft VS Code\bin;C:\Users\asus\go\bin;C:\Users\asus\AppData\Roaming\nvm;C:\Program Files\nodejs;C:\Program Files\JetBrains\IntelliJ IDEA Community Edition 2022.2.1\bin;
USERNAME=asus
OS=Windows_NT
PROCESSOR_IDENTIFIER=Intel64 Family 6 Model 142 Stepping 12, GenuineIntel



---------------  S Y S T E M  ---------------

OS:
 Windows 11 , 64 bit Build 22000 (10.0.22000.708)
OS uptime: 1 days 8:36 hours

CPU: total 8 (initial active 8) (4 cores per cpu, 2 threads per core) family 6 model 142 stepping 12 microcode 0xde, cx8, cmov, fxsr, ht, mmx, 3dnowpref, sse, sse2, sse3, ssse3, sse4.1, sse4.2, popcnt, lzcnt, tsc, tscinvbit, avx, avx2, aes, erms, clmul, bmi1, bmi2, adx, fma, vzeroupper, clflush, clflushopt

Memory: 4k page, system-wide physical 3947M (251M free)
TotalPageFile size 16235M (AvailPageFile size 55M)
current process WorkingSet (physical memory assigned to process): 10M, peak: 10M
current process commit charge ("private bytes"): 60M, peak: 122M

vm_info: OpenJDK 64-Bit Server VM (18.0.2.1+1-1) for windows-amd64 JRE (18.0.2.1+1-1), built on Aug 16 2022 01:44:29 by "mach5one" with MS VC++ 16.8 / 16.9 (VS2019)

END.
